This file contains any messages produced by compilers while
running configure, to aid debugging if configure makes a mistake.

It was created by libimobiledevice configure 1.2.1, which was
generated by GNU Autoconf 2.69.  Invocation command line was

  $ ./configure --disable-openssl

## --------- ##
## Platform. ##
## --------- ##

hostname = bogon
uname -m = x86_64
uname -r = 17.3.0
uname -s = Darwin
uname -v = Darwin Kernel Version 17.3.0: Thu Nov  9 18:09:22 PST 2017; root:xnu-4570.31.3~1/RELEASE_X86_64

/usr/bin/uname -p = i386
/bin/uname -X     = unknown

/bin/arch              = unknown
/usr/bin/arch -k       = unknown
/usr/convex/getsysinfo = unknown
/usr/bin/hostinfo      = Mach kernel version:
	 Darwin Kernel Version 17.3.0: Thu Nov  9 18:09:22 PST 2017; root:xnu-4570.31.3~1/RELEASE_X86_64
Kernel configured for up to 4 processors.
2 processors are physically available.
4 processors are logically available.
Processor type: x86_64h (Intel x86-64h Haswell)
Processors active: 0 1 2 3
Primary memory available: 8.00 gigabytes
Default processor set: 469 tasks, 1801 threads, 4 processors
Load average: 2.50, Mach factor: 1.62
/bin/machine           = unknown
/usr/bin/oslevel       = unknown
/bin/universe          = unknown

PATH: /Applications/Genymotion.app/Contents/MacOS/player.app/Contents/MacOS
PATH: /Applications/Genymotion Shell.app/Contents/MacOS/
PATH: /Applications/Genymotion.app/Contents/MacOS
PATH: /Applications/VirtualBox.app/Contents/MacOS
PATH: /Applications/GameBench/GameBench/lib
PATH: /Library/Java/JavaVirtualMachines/jdk1.8.0_161.jdk/Contents/Home/bin
PATH: /usr/local/bin
PATH: /usr/bin
PATH: /bin
PATH: /usr/sbin
PATH: /sbin
PATH: /usr/local/go/bin
PATH: .
PATH: /Users/xinxi/Documents/sdk/tools
PATH: /Users/xinxi/Documents/sdk/platform-tools
PATH: /Users/xinxi/Documents/sdk/tools/bin
PATH: /Users/xinxi/Documents/phantomjs-2.1.1-macosx/bin
PATH: /Users/xinxi/.rvm/bin
PATH: /usr/local/go/bin


## ----------- ##
## Core tests. ##
## ----------- ##

configure:2615: checking for a BSD-compatible install
configure:2683: result: /usr/bin/install -c
configure:2694: checking whether build environment is sane
configure:2749: result: yes
configure:2900: checking for a thread-safe mkdir -p
configure:2939: result: ./install-sh -c -d
configure:2946: checking for gawk
configure:2976: result: no
configure:2946: checking for mawk
configure:2976: result: no
configure:2946: checking for nawk
configure:2976: result: no
configure:2946: checking for awk
configure:2962: found /usr/bin/awk
configure:2973: result: awk
configure:2984: checking whether make sets $(MAKE)
configure:3006: result: yes
configure:3035: checking whether make supports nested variables
configure:3052: result: yes
configure:3189: checking whether make supports nested variables
configure:3206: result: yes
configure:3287: checking for gcc
configure:3303: found /usr/bin/gcc
configure:3314: result: gcc
configure:3543: checking for C compiler version
configure:3552: gcc --version >&5
Apple LLVM version 9.0.0 (clang-900.0.39.2)
Target: x86_64-apple-darwin17.3.0
Thread model: posix
InstalledDir: /Applications/Xcode.app/Contents/Developer/Toolchains/XcodeDefault.xctoolchain/usr/bin
Configured with: --prefix=/Applications/Xcode.app/Contents/Developer/usr --with-gxx-include-dir=/usr/include/c++/4.2.1
configure:3563: $? = 0
configure:3552: gcc -v >&5
Configured with: --prefix=/Applications/Xcode.app/Contents/Developer/usr --with-gxx-include-dir=/usr/include/c++/4.2.1
Apple LLVM version 9.0.0 (clang-900.0.39.2)
Target: x86_64-apple-darwin17.3.0
Thread model: posix
InstalledDir: /Applications/Xcode.app/Contents/Developer/Toolchains/XcodeDefault.xctoolchain/usr/bin
configure:3563: $? = 0
configure:3552: gcc -V >&5
clang: error: argument to '-V' is missing (expected 1 value)
clang: error: no input files
configure:3563: $? = 1
configure:3552: gcc -qversion >&5
clang: error: unknown argument: '-qversion'
clang: error: no input files
configure:3563: $? = 1
configure:3583: checking whether the C compiler works
configure:3605: gcc    conftest.c  >&5
configure:3609: $? = 0
configure:3657: result: yes
configure:3660: checking for C compiler default output file name
configure:3662: result: a.out
configure:3668: checking for suffix of executables
configure:3675: gcc -o conftest    conftest.c  >&5
configure:3679: $? = 0
configure:3701: result: 
configure:3723: checking whether we are cross compiling
configure:3731: gcc -o conftest    conftest.c  >&5
configure:3735: $? = 0
configure:3742: ./conftest
configure:3746: $? = 0
configure:3761: result: no
configure:3766: checking for suffix of object files
configure:3788: gcc -c   conftest.c >&5
configure:3792: $? = 0
configure:3813: result: o
configure:3817: checking whether we are using the GNU C compiler
configure:3836: gcc -c   conftest.c >&5
configure:3836: $? = 0
configure:3845: result: yes
configure:3854: checking whether gcc accepts -g
configure:3874: gcc -c -g  conftest.c >&5
configure:3874: $? = 0
configure:3915: result: yes
configure:3932: checking for gcc option to accept ISO C89
configure:3995: gcc  -c -g -O2  conftest.c >&5
configure:3995: $? = 0
configure:4008: result: none needed
configure:4033: checking whether gcc understands -c and -o together
configure:4055: gcc -c conftest.c -o conftest2.o
configure:4058: $? = 0
configure:4055: gcc -c conftest.c -o conftest2.o
configure:4058: $? = 0
configure:4070: result: yes
configure:4090: checking whether make supports the include directive
configure:4105: make -f confmf.GNU && cat confinc.out
this is the am__doit target
configure:4108: $? = 0
configure:4127: result: yes (GNU style)
configure:4152: checking dependency style of gcc
configure:4263: result: gcc3
configure:4336: checking for g++
configure:4352: found /usr/bin/g++
configure:4363: result: g++
configure:4390: checking for C++ compiler version
configure:4399: g++ --version >&5
Apple LLVM version 9.0.0 (clang-900.0.39.2)
Target: x86_64-apple-darwin17.3.0
Thread model: posix
InstalledDir: /Applications/Xcode.app/Contents/Developer/Toolchains/XcodeDefault.xctoolchain/usr/bin
Configured with: --prefix=/Applications/Xcode.app/Contents/Developer/usr --with-gxx-include-dir=/usr/include/c++/4.2.1
configure:4410: $? = 0
configure:4399: g++ -v >&5
Configured with: --prefix=/Applications/Xcode.app/Contents/Developer/usr --with-gxx-include-dir=/usr/include/c++/4.2.1
Apple LLVM version 9.0.0 (clang-900.0.39.2)
Target: x86_64-apple-darwin17.3.0
Thread model: posix
InstalledDir: /Applications/Xcode.app/Contents/Developer/Toolchains/XcodeDefault.xctoolchain/usr/bin
configure:4410: $? = 0
configure:4399: g++ -V >&5
clang: error: argument to '-V' is missing (expected 1 value)
clang: error: no input files
configure:4410: $? = 1
configure:4399: g++ -qversion >&5
clang: error: unknown argument: '-qversion'
clang: error: no input files
configure:4410: $? = 1
configure:4414: checking whether we are using the GNU C++ compiler
configure:4433: g++ -c   conftest.cpp >&5
configure:4433: $? = 0
configure:4442: result: yes
configure:4451: checking whether g++ accepts -g
configure:4471: g++ -c -g  conftest.cpp >&5
configure:4471: $? = 0
configure:4512: result: yes
configure:4537: checking dependency style of g++
configure:4648: result: gcc3
configure:4693: checking build system type
configure:4707: result: x86_64-apple-darwin17.3.0
configure:4727: checking host system type
configure:4740: result: x86_64-apple-darwin17.3.0
configure:4781: checking how to print strings
configure:4808: result: printf
configure:4829: checking for a sed that does not truncate output
configure:4893: result: /usr/bin/sed
configure:4911: checking for grep that handles long lines and -e
configure:4969: result: /usr/bin/grep
configure:4974: checking for egrep
configure:5036: result: /usr/bin/grep -E
configure:5041: checking for fgrep
configure:5103: result: /usr/bin/grep -F
configure:5138: checking for ld used by gcc
configure:5205: result: /Applications/Xcode.app/Contents/Developer/Toolchains/XcodeDefault.xctoolchain/usr/bin/ld
configure:5212: checking if the linker (/Applications/Xcode.app/Contents/Developer/Toolchains/XcodeDefault.xctoolchain/usr/bin/ld) is GNU ld
configure:5227: result: no
configure:5239: checking for BSD- or MS-compatible name lister (nm)
configure:5293: result: /usr/bin/nm -B
configure:5423: checking the name lister (/usr/bin/nm -B) interface
configure:5430: gcc -c -g -O2  conftest.c >&5
configure:5433: /usr/bin/nm -B "conftest.o"
configure:5436: output
00000000000001d4 S _some_variable
configure:5443: result: BSD nm
configure:5446: checking whether ln -s works
configure:5450: result: yes
configure:5458: checking the maximum length of command line arguments
configure:5589: result: 196608
configure:5637: checking how to convert x86_64-apple-darwin17.3.0 file names to x86_64-apple-darwin17.3.0 format
configure:5677: result: func_convert_file_noop
configure:5684: checking how to convert x86_64-apple-darwin17.3.0 file names to toolchain format
configure:5704: result: func_convert_file_noop
configure:5711: checking for /Applications/Xcode.app/Contents/Developer/Toolchains/XcodeDefault.xctoolchain/usr/bin/ld option to reload object files
configure:5718: result: -r
configure:5792: checking for objdump
configure:5808: found /usr/bin/objdump
configure:5819: result: objdump
configure:5851: checking how to recognize dependent libraries
configure:6051: result: pass_all
configure:6136: checking for dlltool
configure:6166: result: no
configure:6196: checking how to associate runtime and link libraries
configure:6223: result: printf %s\n
configure:6284: checking for ar
configure:6300: found /usr/bin/ar
configure:6311: result: ar
configure:6348: checking for archiver @FILE support
configure:6365: gcc -c -g -O2  conftest.c >&5
configure:6365: $? = 0
configure:6368: ar cru libconftest.a @conftest.lst >&5
ar: @conftest.lst: No such file or directory
configure:6371: $? = 1
configure:6391: result: no
configure:6449: checking for strip
configure:6465: found /usr/bin/strip
configure:6476: result: strip
configure:6548: checking for ranlib
configure:6564: found /usr/bin/ranlib
configure:6575: result: ranlib
configure:6677: checking command to parse /usr/bin/nm -B output from gcc object
configure:6830: gcc -c -g -O2  conftest.c >&5
configure:6833: $? = 0
configure:6837: /usr/bin/nm -B conftest.o \| sed -n -e 's/^.*[ ]\([BCDEGRST][BCDEGRST]*\)[ ][ ]*\([_A-Za-z][_A-Za-z0-9]*\)$/\1 \2 \2/p' | sed '/ __gnu_lto/d' \> conftest.nm
configure:6840: $? = 0
cannot find nm_test_var in conftest.nm
configure:6830: gcc -c -g -O2  conftest.c >&5
configure:6833: $? = 0
configure:6837: /usr/bin/nm -B conftest.o \| sed -n -e 's/^.*[ ]\([BCDEGRST][BCDEGRST]*\)[ ][ ]*_\([_A-Za-z][_A-Za-z0-9]*\)$/\1 _\2 \2/p' | sed '/ __gnu_lto/d' \> conftest.nm
configure:6840: $? = 0
configure:6906: gcc -o conftest -g -O2   conftest.c conftstm.o >&5
warning: (x86_64)  could not find object file symbol for symbol _main
configure:6909: $? = 0
configure:6947: result: ok
configure:6994: checking for sysroot
configure:7024: result: no
configure:7031: checking for a working dd
configure:7069: result: /bin/dd
configure:7073: checking how to truncate binary pipes
configure:7088: result: /bin/dd bs=4096 count=1
configure:7417: checking for mt
configure:7447: result: no
configure:7467: checking if : is a manifest tool
configure:7473: : '-?'
configure:7481: result: no
configure:7537: checking for dsymutil
configure:7553: found /usr/bin/dsymutil
configure:7564: result: dsymutil
configure:7629: checking for nmedit
configure:7645: found /usr/bin/nmedit
configure:7656: result: nmedit
configure:7721: checking for lipo
configure:7737: found /usr/bin/lipo
configure:7748: result: lipo
configure:7813: checking for otool
configure:7829: found /usr/bin/otool
configure:7840: result: otool
configure:7905: checking for otool64
configure:7935: result: no
configure:7980: checking for -single_module linker flag
gcc -g -O2  -o libconftest.dylib -dynamiclib -Wl,-single_module conftest.c
configure:8013: result: yes
configure:8016: checking for -exported_symbols_list linker flag
configure:8036: gcc -o conftest -g -O2   -Wl,-exported_symbols_list,conftest.sym conftest.c  >&5
configure:8036: $? = 0
configure:8046: result: yes
configure:8049: checking for -force_load linker flag
gcc -g -O2 -c -o conftest.o conftest.c
ar cru libconftest.a conftest.o
ranlib libconftest.a
gcc -g -O2  -o conftest conftest.c -Wl,-force_load,./libconftest.a
configure:8081: result: yes
configure:8158: checking how to run the C preprocessor
configure:8189: gcc -E  conftest.c
configure:8189: $? = 0
configure:8203: gcc -E  conftest.c
conftest.c:11:10: fatal error: 'ac_nonexistent.h' file not found
#include <ac_nonexistent.h>
         ^~~~~~~~~~~~~~~~~~
1 error generated.
configure:8203: $? = 1
configure: failed program was:
| /* confdefs.h */
| #define PACKAGE_NAME "libimobiledevice"
| #define PACKAGE_TARNAME "libimobiledevice"
| #define PACKAGE_VERSION "1.2.1"
| #define PACKAGE_STRING "libimobiledevice 1.2.1"
| #define PACKAGE_BUGREPORT "https://github.com/libimobiledevice/libimobiledevice/issues"
| #define PACKAGE_URL "http://libimobiledevice.org"
| #define PACKAGE "libimobiledevice"
| #define VERSION "1.2.1"
| /* end confdefs.h.  */
| #include <ac_nonexistent.h>
configure:8228: result: gcc -E
configure:8248: gcc -E  conftest.c
configure:8248: $? = 0
configure:8262: gcc -E  conftest.c
conftest.c:11:10: fatal error: 'ac_nonexistent.h' file not found
#include <ac_nonexistent.h>
         ^~~~~~~~~~~~~~~~~~
1 error generated.
configure:8262: $? = 1
configure: failed program was:
| /* confdefs.h */
| #define PACKAGE_NAME "libimobiledevice"
| #define PACKAGE_TARNAME "libimobiledevice"
| #define PACKAGE_VERSION "1.2.1"
| #define PACKAGE_STRING "libimobiledevice 1.2.1"
| #define PACKAGE_BUGREPORT "https://github.com/libimobiledevice/libimobiledevice/issues"
| #define PACKAGE_URL "http://libimobiledevice.org"
| #define PACKAGE "libimobiledevice"
| #define VERSION "1.2.1"
| /* end confdefs.h.  */
| #include <ac_nonexistent.h>
configure:8291: checking for ANSI C header files
configure:8311: gcc -c -g -O2  conftest.c >&5
configure:8311: $? = 0
configure:8384: gcc -o conftest -g -O2   conftest.c  >&5
configure:8384: $? = 0
configure:8384: ./conftest
configure:8384: $? = 0
configure:8395: result: yes
configure:8408: checking for sys/types.h
configure:8408: gcc -c -g -O2  conftest.c >&5
configure:8408: $? = 0
configure:8408: result: yes
configure:8408: checking for sys/stat.h
configure:8408: gcc -c -g -O2  conftest.c >&5
configure:8408: $? = 0
configure:8408: result: yes
configure:8408: checking for stdlib.h
configure:8408: gcc -c -g -O2  conftest.c >&5
configure:8408: $? = 0
configure:8408: result: yes
configure:8408: checking for string.h
configure:8408: gcc -c -g -O2  conftest.c >&5
configure:8408: $? = 0
configure:8408: result: yes
configure:8408: checking for memory.h
configure:8408: gcc -c -g -O2  conftest.c >&5
configure:8408: $? = 0
configure:8408: result: yes
configure:8408: checking for strings.h
configure:8408: gcc -c -g -O2  conftest.c >&5
configure:8408: $? = 0
configure:8408: result: yes
configure:8408: checking for inttypes.h
configure:8408: gcc -c -g -O2  conftest.c >&5
configure:8408: $? = 0
configure:8408: result: yes
configure:8408: checking for stdint.h
configure:8408: gcc -c -g -O2  conftest.c >&5
configure:8408: $? = 0
configure:8408: result: yes
configure:8408: checking for unistd.h
configure:8408: gcc -c -g -O2  conftest.c >&5
configure:8408: $? = 0
configure:8408: result: yes
configure:8422: checking for dlfcn.h
configure:8422: gcc -c -g -O2  conftest.c >&5
configure:8422: $? = 0
configure:8422: result: yes
configure:8689: checking for objdir
configure:8704: result: .libs
configure:8968: checking if gcc supports -fno-rtti -fno-exceptions
configure:8986: gcc -c -g -O2  -fno-rtti -fno-exceptions conftest.c >&5
configure:8990: $? = 0
configure:9003: result: yes
configure:9361: checking for gcc option to produce PIC
configure:9368: result: -fno-common -DPIC
configure:9376: checking if gcc PIC flag -fno-common -DPIC works
configure:9394: gcc -c -g -O2  -fno-common -DPIC -DPIC conftest.c >&5
configure:9398: $? = 0
configure:9411: result: yes
configure:9440: checking if gcc static flag -static works
configure:9468: result: no
configure:9483: checking if gcc supports -c -o file.o
configure:9504: gcc -c -g -O2  -o out/conftest2.o conftest.c >&5
configure:9508: $? = 0
configure:9530: result: yes
configure:9538: checking if gcc supports -c -o file.o
configure:9585: result: yes
configure:9618: checking whether the gcc linker (/Applications/Xcode.app/Contents/Developer/Toolchains/XcodeDefault.xctoolchain/usr/bin/ld) supports shared libraries
configure:10877: result: yes
configure:11117: checking dynamic linker characteristics
configure:11935: result: darwin17.3.0 dyld
configure:12057: checking how to hardcode library paths into programs
configure:12082: result: immediate
configure:12630: checking whether stripping libraries is possible
configure:12644: result: yes
configure:12670: checking if libtool supports shared libraries
configure:12672: result: yes
configure:12675: checking whether to build shared libraries
configure:12700: result: yes
configure:12703: checking whether to build static libraries
configure:12707: result: yes
configure:12730: checking how to run the C++ preprocessor
configure:12757: g++ -E  conftest.cpp
configure:12757: $? = 0
configure:12771: g++ -E  conftest.cpp
conftest.cpp:23:10: fatal error: 'ac_nonexistent.h' file not found
#include <ac_nonexistent.h>
         ^~~~~~~~~~~~~~~~~~
1 error generated.
configure:12771: $? = 1
configure: failed program was:
| /* confdefs.h */
| #define PACKAGE_NAME "libimobiledevice"
| #define PACKAGE_TARNAME "libimobiledevice"
| #define PACKAGE_VERSION "1.2.1"
| #define PACKAGE_STRING "libimobiledevice 1.2.1"
| #define PACKAGE_BUGREPORT "https://github.com/libimobiledevice/libimobiledevice/issues"
| #define PACKAGE_URL "http://libimobiledevice.org"
| #define PACKAGE "libimobiledevice"
| #define VERSION "1.2.1"
| #define STDC_HEADERS 1
| #define HAVE_SYS_TYPES_H 1
| #define HAVE_SYS_STAT_H 1
| #define HAVE_STDLIB_H 1
| #define HAVE_STRING_H 1
| #define HAVE_MEMORY_H 1
| #define HAVE_STRINGS_H 1
| #define HAVE_INTTYPES_H 1
| #define HAVE_STDINT_H 1
| #define HAVE_UNISTD_H 1
| #define HAVE_DLFCN_H 1
| #define LT_OBJDIR ".libs/"
| /* end confdefs.h.  */
| #include <ac_nonexistent.h>
configure:12796: result: g++ -E
configure:12816: g++ -E  conftest.cpp
configure:12816: $? = 0
configure:12830: g++ -E  conftest.cpp
conftest.cpp:23:10: fatal error: 'ac_nonexistent.h' file not found
#include <ac_nonexistent.h>
         ^~~~~~~~~~~~~~~~~~
1 error generated.
configure:12830: $? = 1
configure: failed program was:
| /* confdefs.h */
| #define PACKAGE_NAME "libimobiledevice"
| #define PACKAGE_TARNAME "libimobiledevice"
| #define PACKAGE_VERSION "1.2.1"
| #define PACKAGE_STRING "libimobiledevice 1.2.1"
| #define PACKAGE_BUGREPORT "https://github.com/libimobiledevice/libimobiledevice/issues"
| #define PACKAGE_URL "http://libimobiledevice.org"
| #define PACKAGE "libimobiledevice"
| #define VERSION "1.2.1"
| #define STDC_HEADERS 1
| #define HAVE_SYS_TYPES_H 1
| #define HAVE_SYS_STAT_H 1
| #define HAVE_STDLIB_H 1
| #define HAVE_STRING_H 1
| #define HAVE_MEMORY_H 1
| #define HAVE_STRINGS_H 1
| #define HAVE_INTTYPES_H 1
| #define HAVE_STDINT_H 1
| #define HAVE_UNISTD_H 1
| #define HAVE_DLFCN_H 1
| #define LT_OBJDIR ".libs/"
| /* end confdefs.h.  */
| #include <ac_nonexistent.h>
configure:12992: checking for ld used by g++
configure:13059: result: /Applications/Xcode.app/Contents/Developer/Toolchains/XcodeDefault.xctoolchain/usr/bin/ld
configure:13066: checking if the linker (/Applications/Xcode.app/Contents/Developer/Toolchains/XcodeDefault.xctoolchain/usr/bin/ld) is GNU ld
configure:13081: result: no
configure:13136: checking whether the g++ linker (/Applications/Xcode.app/Contents/Developer/Toolchains/XcodeDefault.xctoolchain/usr/bin/ld) supports shared libraries
configure:14209: result: yes
configure:14245: g++ -c -g -O2  conftest.cpp >&5
configure:14248: $? = 0
configure:14729: checking for g++ option to produce PIC
configure:14736: result: -fno-common -DPIC
configure:14744: checking if g++ PIC flag -fno-common -DPIC works
configure:14762: g++ -c -g -O2  -fno-common -DPIC -DPIC conftest.cpp >&5
configure:14766: $? = 0
configure:14779: result: yes
configure:14802: checking if g++ static flag -static works
configure:14830: result: no
configure:14842: checking if g++ supports -c -o file.o
configure:14863: g++ -c -g -O2  -o out/conftest2.o conftest.cpp >&5
configure:14867: $? = 0
configure:14889: result: yes
configure:14894: checking if g++ supports -c -o file.o
configure:14941: result: yes
configure:14971: checking whether the g++ linker (/Applications/Xcode.app/Contents/Developer/Toolchains/XcodeDefault.xctoolchain/usr/bin/ld) supports shared libraries
configure:15011: result: yes
configure:15152: checking dynamic linker characteristics
configure:15897: result: darwin17.3.0 dyld
configure:15962: checking how to hardcode library paths into programs
configure:15987: result: immediate
configure:16104: checking for pkg-config
configure:16122: found /usr/local/bin/pkg-config
configure:16134: result: /usr/local/bin/pkg-config
configure:16159: checking pkg-config is at least version 0.9.0
configure:16162: result: yes
configure:16172: checking for libusbmuxd >= 1.0.9
configure:16179: $PKG_CONFIG --exists --print-errors "libusbmuxd >= $LIBUSBMUXD_VERSION"
configure:16182: $? = 0
configure:16196: $PKG_CONFIG --exists --print-errors "libusbmuxd >= $LIBUSBMUXD_VERSION"
configure:16199: $? = 0
configure:16257: result: yes
configure:16263: checking for libplist >= 1.11
configure:16270: $PKG_CONFIG --exists --print-errors "libplist >= $LIBPLIST_VERSION"
configure:16273: $? = 0
configure:16287: $PKG_CONFIG --exists --print-errors "libplist >= $LIBPLIST_VERSION"
configure:16290: $? = 0
configure:16348: result: yes
configure:16354: checking for libplist++ >= 1.11
configure:16361: $PKG_CONFIG --exists --print-errors "libplist++ >= $LIBPLISTMM_VERSION"
configure:16364: $? = 0
configure:16378: $PKG_CONFIG --exists --print-errors "libplist++ >= $LIBPLISTMM_VERSION"
configure:16381: $? = 0
configure:16439: result: yes
configure:16445: checking for ANSI C header files
configure:16549: result: yes
configure:16560: checking for stdint.h
configure:16560: result: yes
configure:16560: checking for stdlib.h
configure:16560: result: yes
configure:16560: checking for string.h
configure:16560: result: yes
configure:16560: checking gcrypt.h usability
configure:16560: gcc -c -g -O2  conftest.c >&5
configure:16560: $? = 0
configure:16560: result: yes
configure:16560: checking gcrypt.h presence
configure:16560: gcc -E  conftest.c
configure:16560: $? = 0
configure:16560: result: yes
configure:16560: checking for gcrypt.h
configure:16560: result: yes
configure:16572: checking for an ANSI C-conforming const
configure:16638: gcc -c -g -O2  conftest.c >&5
configure:16638: $? = 0
configure:16645: result: yes
configure:16653: checking for size_t
configure:16653: gcc -c -g -O2  conftest.c >&5
configure:16653: $? = 0
configure:16653: gcc -c -g -O2  conftest.c >&5
conftest.c:64:21: error: expected expression
if (sizeof ((size_t)))
                    ^
1 error generated.
configure:16653: $? = 1
configure: failed program was:
| /* confdefs.h */
| #define PACKAGE_NAME "libimobiledevice"
| #define PACKAGE_TARNAME "libimobiledevice"
| #define PACKAGE_VERSION "1.2.1"
| #define PACKAGE_STRING "libimobiledevice 1.2.1"
| #define PACKAGE_BUGREPORT "https://github.com/libimobiledevice/libimobiledevice/issues"
| #define PACKAGE_URL "http://libimobiledevice.org"
| #define PACKAGE "libimobiledevice"
| #define VERSION "1.2.1"
| #define STDC_HEADERS 1
| #define HAVE_SYS_TYPES_H 1
| #define HAVE_SYS_STAT_H 1
| #define HAVE_STDLIB_H 1
| #define HAVE_STRING_H 1
| #define HAVE_MEMORY_H 1
| #define HAVE_STRINGS_H 1
| #define HAVE_INTTYPES_H 1
| #define HAVE_STDINT_H 1
| #define HAVE_UNISTD_H 1
| #define HAVE_DLFCN_H 1
| #define LT_OBJDIR ".libs/"
| #define STDC_HEADERS 1
| #define HAVE_STDINT_H 1
| #define HAVE_STDLIB_H 1
| #define HAVE_STRING_H 1
| #define HAVE_GCRYPT_H 1
| /* end confdefs.h.  */
| #include <stdio.h>
| #ifdef HAVE_SYS_TYPES_H
| # include <sys/types.h>
| #endif
| #ifdef HAVE_SYS_STAT_H
| # include <sys/stat.h>
| #endif
| #ifdef STDC_HEADERS
| # include <stdlib.h>
| # include <stddef.h>
| #else
| # ifdef HAVE_STDLIB_H
| #  include <stdlib.h>
| # endif
| #endif
| #ifdef HAVE_STRING_H
| # if !defined STDC_HEADERS && defined HAVE_MEMORY_H
| #  include <memory.h>
| # endif
| # include <string.h>
| #endif
| #ifdef HAVE_STRINGS_H
| # include <strings.h>
| #endif
| #ifdef HAVE_INTTYPES_H
| # include <inttypes.h>
| #endif
| #ifdef HAVE_STDINT_H
| # include <stdint.h>
| #endif
| #ifdef HAVE_UNISTD_H
| # include <unistd.h>
| #endif
| int
| main ()
| {
| if (sizeof ((size_t)))
| 	    return 0;
|   ;
|   return 0;
| }
configure:16653: result: yes
configure:16664: checking for ssize_t
configure:16664: gcc -c -g -O2  conftest.c >&5
configure:16664: $? = 0
configure:16664: gcc -c -g -O2  conftest.c >&5
conftest.c:64:22: error: expected expression
if (sizeof ((ssize_t)))
                     ^
1 error generated.
configure:16664: $? = 1
configure: failed program was:
| /* confdefs.h */
| #define PACKAGE_NAME "libimobiledevice"
| #define PACKAGE_TARNAME "libimobiledevice"
| #define PACKAGE_VERSION "1.2.1"
| #define PACKAGE_STRING "libimobiledevice 1.2.1"
| #define PACKAGE_BUGREPORT "https://github.com/libimobiledevice/libimobiledevice/issues"
| #define PACKAGE_URL "http://libimobiledevice.org"
| #define PACKAGE "libimobiledevice"
| #define VERSION "1.2.1"
| #define STDC_HEADERS 1
| #define HAVE_SYS_TYPES_H 1
| #define HAVE_SYS_STAT_H 1
| #define HAVE_STDLIB_H 1
| #define HAVE_STRING_H 1
| #define HAVE_MEMORY_H 1
| #define HAVE_STRINGS_H 1
| #define HAVE_INTTYPES_H 1
| #define HAVE_STDINT_H 1
| #define HAVE_UNISTD_H 1
| #define HAVE_DLFCN_H 1
| #define LT_OBJDIR ".libs/"
| #define STDC_HEADERS 1
| #define HAVE_STDINT_H 1
| #define HAVE_STDLIB_H 1
| #define HAVE_STRING_H 1
| #define HAVE_GCRYPT_H 1
| /* end confdefs.h.  */
| #include <stdio.h>
| #ifdef HAVE_SYS_TYPES_H
| # include <sys/types.h>
| #endif
| #ifdef HAVE_SYS_STAT_H
| # include <sys/stat.h>
| #endif
| #ifdef STDC_HEADERS
| # include <stdlib.h>
| # include <stddef.h>
| #else
| # ifdef HAVE_STDLIB_H
| #  include <stdlib.h>
| # endif
| #endif
| #ifdef HAVE_STRING_H
| # if !defined STDC_HEADERS && defined HAVE_MEMORY_H
| #  include <memory.h>
| # endif
| # include <string.h>
| #endif
| #ifdef HAVE_STRINGS_H
| # include <strings.h>
| #endif
| #ifdef HAVE_INTTYPES_H
| # include <inttypes.h>
| #endif
| #ifdef HAVE_STDINT_H
| # include <stdint.h>
| #endif
| #ifdef HAVE_UNISTD_H
| # include <unistd.h>
| #endif
| int
| main ()
| {
| if (sizeof ((ssize_t)))
| 	    return 0;
|   ;
|   return 0;
| }
configure:16664: result: yes
configure:16675: checking for uint16_t
configure:16675: gcc -c -g -O2  conftest.c >&5
configure:16675: $? = 0
configure:16675: result: yes
configure:16687: checking for uint32_t
configure:16687: gcc -c -g -O2  conftest.c >&5
configure:16687: $? = 0
configure:16687: result: yes
configure:16701: checking for uint8_t
configure:16701: gcc -c -g -O2  conftest.c >&5
configure:16701: $? = 0
configure:16701: result: yes
configure:16720: checking for asprintf
configure:16720: gcc -o conftest -g -O2   conftest.c  >&5
conftest.c:62:18: warning: format string missing [-Wformat]
return asprintf ();
       ~~~~~~~~  ^
1 warning generated.
configure:16720: $? = 0
configure:16720: result: yes
configure:16720: checking for strcasecmp
configure:16720: gcc -o conftest -g -O2   conftest.c  >&5
conftest.c:52:6: warning: incompatible redeclaration of library function 'strcasecmp' [-Wincompatible-library-redeclaration]
char strcasecmp ();
     ^
conftest.c:52:6: note: 'strcasecmp' is a builtin with type 'int (const char *, const char *)'
1 warning generated.
configure:16720: $? = 0
configure:16720: result: yes
configure:16720: checking for strdup
configure:16720: gcc -o conftest -g -O2   conftest.c  >&5
conftest.c:53:6: warning: incompatible redeclaration of library function 'strdup' [-Wincompatible-library-redeclaration]
char strdup ();
     ^
conftest.c:53:6: note: 'strdup' is a builtin with type 'char *(const char *)'
1 warning generated.
configure:16720: $? = 0
configure:16720: result: yes
configure:16720: checking for strerror
configure:16720: gcc -o conftest -g -O2   conftest.c  >&5
conftest.c:54:6: warning: incompatible redeclaration of library function 'strerror' [-Wincompatible-library-redeclaration]
char strerror ();
     ^
conftest.c:54:6: note: 'strerror' is a builtin with type 'char *(int)'
1 warning generated.
configure:16720: $? = 0
configure:16720: result: yes
configure:16720: checking for strndup
configure:16720: gcc -o conftest -g -O2   conftest.c  >&5
conftest.c:55:6: warning: incompatible redeclaration of library function 'strndup' [-Wincompatible-library-redeclaration]
char strndup ();
     ^
conftest.c:55:6: note: 'strndup' is a builtin with type 'char *(const char *, unsigned long)'
1 warning generated.
configure:16720: $? = 0
configure:16720: result: yes
configure:16720: checking for stpcpy
configure:16720: gcc -o conftest -g -O2   conftest.c  >&5
conftest.c:56:6: warning: incompatible redeclaration of library function 'stpcpy' [-Wincompatible-library-redeclaration]
char stpcpy ();
     ^
conftest.c:56:6: note: 'stpcpy' is a builtin with type 'char *(char *, const char *)'
1 warning generated.
configure:16720: $? = 0
configure:16720: result: yes
configure:16720: checking for vasprintf
configure:16720: gcc -o conftest -g -O2   conftest.c  >&5
conftest.c:68:19: warning: format string missing [-Wformat]
return vasprintf ();
       ~~~~~~~~~  ^
1 warning generated.
configure:16720: $? = 0
configure:16720: result: yes
configure:16730: checking endian.h usability
configure:16730: gcc -c -g -O2  conftest.c >&5
conftest.c:68:10: fatal error: 'endian.h' file not found
#include <endian.h>
         ^~~~~~~~~~
1 error generated.
configure:16730: $? = 1
configure: failed program was:
| /* confdefs.h */
| #define PACKAGE_NAME "libimobiledevice"
| #define PACKAGE_TARNAME "libimobiledevice"
| #define PACKAGE_VERSION "1.2.1"
| #define PACKAGE_STRING "libimobiledevice 1.2.1"
| #define PACKAGE_BUGREPORT "https://github.com/libimobiledevice/libimobiledevice/issues"
| #define PACKAGE_URL "http://libimobiledevice.org"
| #define PACKAGE "libimobiledevice"
| #define VERSION "1.2.1"
| #define STDC_HEADERS 1
| #define HAVE_SYS_TYPES_H 1
| #define HAVE_SYS_STAT_H 1
| #define HAVE_STDLIB_H 1
| #define HAVE_STRING_H 1
| #define HAVE_MEMORY_H 1
| #define HAVE_STRINGS_H 1
| #define HAVE_INTTYPES_H 1
| #define HAVE_STDINT_H 1
| #define HAVE_UNISTD_H 1
| #define HAVE_DLFCN_H 1
| #define LT_OBJDIR ".libs/"
| #define STDC_HEADERS 1
| #define HAVE_STDINT_H 1
| #define HAVE_STDLIB_H 1
| #define HAVE_STRING_H 1
| #define HAVE_GCRYPT_H 1
| #define HAVE_ASPRINTF 1
| #define HAVE_STRCASECMP 1
| #define HAVE_STRDUP 1
| #define HAVE_STRERROR 1
| #define HAVE_STRNDUP 1
| #define HAVE_STPCPY 1
| #define HAVE_VASPRINTF 1
| /* end confdefs.h.  */
| #include <stdio.h>
| #ifdef HAVE_SYS_TYPES_H
| # include <sys/types.h>
| #endif
| #ifdef HAVE_SYS_STAT_H
| # include <sys/stat.h>
| #endif
| #ifdef STDC_HEADERS
| # include <stdlib.h>
| # include <stddef.h>
| #else
| # ifdef HAVE_STDLIB_H
| #  include <stdlib.h>
| # endif
| #endif
| #ifdef HAVE_STRING_H
| # if !defined STDC_HEADERS && defined HAVE_MEMORY_H
| #  include <memory.h>
| # endif
| # include <string.h>
| #endif
| #ifdef HAVE_STRINGS_H
| # include <strings.h>
| #endif
| #ifdef HAVE_INTTYPES_H
| # include <inttypes.h>
| #endif
| #ifdef HAVE_STDINT_H
| # include <stdint.h>
| #endif
| #ifdef HAVE_UNISTD_H
| # include <unistd.h>
| #endif
| #include <endian.h>
configure:16730: result: no
configure:16730: checking endian.h presence
configure:16730: gcc -E  conftest.c
conftest.c:35:10: fatal error: 'endian.h' file not found
#include <endian.h>
         ^~~~~~~~~~
1 error generated.
configure:16730: $? = 1
configure: failed program was:
| /* confdefs.h */
| #define PACKAGE_NAME "libimobiledevice"
| #define PACKAGE_TARNAME "libimobiledevice"
| #define PACKAGE_VERSION "1.2.1"
| #define PACKAGE_STRING "libimobiledevice 1.2.1"
| #define PACKAGE_BUGREPORT "https://github.com/libimobiledevice/libimobiledevice/issues"
| #define PACKAGE_URL "http://libimobiledevice.org"
| #define PACKAGE "libimobiledevice"
| #define VERSION "1.2.1"
| #define STDC_HEADERS 1
| #define HAVE_SYS_TYPES_H 1
| #define HAVE_SYS_STAT_H 1
| #define HAVE_STDLIB_H 1
| #define HAVE_STRING_H 1
| #define HAVE_MEMORY_H 1
| #define HAVE_STRINGS_H 1
| #define HAVE_INTTYPES_H 1
| #define HAVE_STDINT_H 1
| #define HAVE_UNISTD_H 1
| #define HAVE_DLFCN_H 1
| #define LT_OBJDIR ".libs/"
| #define STDC_HEADERS 1
| #define HAVE_STDINT_H 1
| #define HAVE_STDLIB_H 1
| #define HAVE_STRING_H 1
| #define HAVE_GCRYPT_H 1
| #define HAVE_ASPRINTF 1
| #define HAVE_STRCASECMP 1
| #define HAVE_STRDUP 1
| #define HAVE_STRERROR 1
| #define HAVE_STRNDUP 1
| #define HAVE_STPCPY 1
| #define HAVE_VASPRINTF 1
| /* end confdefs.h.  */
| #include <endian.h>
configure:16730: result: no
configure:16730: checking for endian.h
configure:16730: result: no
configure:16745: checking whether byte ordering is bigendian
configure:16760: gcc -c -g -O2  conftest.c >&5
configure:16760: $? = 0
configure:16805: gcc -c -g -O2  conftest.c >&5
configure:16805: $? = 0
configure:16823: gcc -c -g -O2  conftest.c >&5
conftest.c:44:4: error: use of undeclared identifier 'not'
                 not big endian
                 ^
1 error generated.
configure:16823: $? = 1
configure: failed program was:
| /* confdefs.h */
| #define PACKAGE_NAME "libimobiledevice"
| #define PACKAGE_TARNAME "libimobiledevice"
| #define PACKAGE_VERSION "1.2.1"
| #define PACKAGE_STRING "libimobiledevice 1.2.1"
| #define PACKAGE_BUGREPORT "https://github.com/libimobiledevice/libimobiledevice/issues"
| #define PACKAGE_URL "http://libimobiledevice.org"
| #define PACKAGE "libimobiledevice"
| #define VERSION "1.2.1"
| #define STDC_HEADERS 1
| #define HAVE_SYS_TYPES_H 1
| #define HAVE_SYS_STAT_H 1
| #define HAVE_STDLIB_H 1
| #define HAVE_STRING_H 1
| #define HAVE_MEMORY_H 1
| #define HAVE_STRINGS_H 1
| #define HAVE_INTTYPES_H 1
| #define HAVE_STDINT_H 1
| #define HAVE_UNISTD_H 1
| #define HAVE_DLFCN_H 1
| #define LT_OBJDIR ".libs/"
| #define STDC_HEADERS 1
| #define HAVE_STDINT_H 1
| #define HAVE_STDLIB_H 1
| #define HAVE_STRING_H 1
| #define HAVE_GCRYPT_H 1
| #define HAVE_ASPRINTF 1
| #define HAVE_STRCASECMP 1
| #define HAVE_STRDUP 1
| #define HAVE_STRERROR 1
| #define HAVE_STRNDUP 1
| #define HAVE_STPCPY 1
| #define HAVE_VASPRINTF 1
| #define __LITTLE_ENDIAN 1234
| #define __BIG_ENDIAN 4321
| /* end confdefs.h.  */
| #include <sys/types.h>
| 		#include <sys/param.h>
| 
| int
| main ()
| {
| #if BYTE_ORDER != BIG_ENDIAN
| 		 not big endian
| 		#endif
| 
|   ;
|   return 0;
| }
configure:16951: result: no
configure:16980: checking whether we need platform-specific build settings
configure:16989: result: no
configure:17739: checking for a Python interpreter with version >= 2.3
configure:17756: python -c import sys # split strings by '.' and convert to numeric. Append some zeros # because we need at least 4 digits for the hex conversion. # map returns an iterator in Python 3.0 and a list in 2.x minver = list(map(int, '2.3'.split('.'))) + [0, 0, 0] minverhex = 0 # xrange is not present in Python 3.0 and range returns an iterator for i in list(range(0, 4)): minverhex = (minverhex << 8) + minver[i] sys.exit(sys.hexversion < minverhex)
configure:17759: $? = 0
configure:17765: result: python
configure:17773: checking for python
configure:17791: found /usr/bin/python
configure:17803: result: /usr/bin/python
configure:17821: checking for python version
configure:17828: result: 2.7
configure:17840: checking for python platform
configure:17847: result: darwin
configure:17873: checking for python script directory
configure:17908: result: ${prefix}/lib/python2.7/site-packages
configure:17917: checking for python extension module directory
configure:17952: result: ${exec_prefix}/lib/python2.7/site-packages
configure:17968: checking for cython
configure:17986: found /usr/local/bin/cython
configure:17998: result: /usr/local/bin/cython
configure:18011: checking for Cython version
configure:18014: result: 0.28.1
configure:18061: Cython executable is '/usr/local/bin/cython'
configure:18084: checking for python2.7
configure:18114: result: /usr/bin/python
configure:18130: checking for a version of Python >= '2.1.0'
configure:18156: result: yes
configure:18187: checking for the distutils Python package
configure:18191: result: yes
configure:18205: checking for Python include path
configure:18218: result: -I/System/Library/Frameworks/Python.framework/Versions/2.7/include/python2.7 -I/System/Library/Frameworks/Python.framework/Versions/2.7/include/python2.7
configure:18225: checking for Python library path
configure:18248: result: -L/System/Library/Frameworks/Python.framework/Versions/2.7/lib/python2.7/config -lpython2.7 -ldl -framework CoreFoundation
configure:18255: checking for Python site-packages path
configure:18261: result: /Library/Python/2.7/site-packages
configure:18268: checking python extra libraries
configure:18275: result: ('', '-ldl  -framework CoreFoundation')
configure:18282: checking python extra linking flags
configure:18289: result: -u _PyMac_Error /System/Library/Frameworks/Python.framework/Versions/2.7/Python
configure:18296: checking consistency of all components of python development environment
configure:18322: gcc -o conftest -g -O2  -I/System/Library/Frameworks/Python.framework/Versions/2.7/include/python2.7 -I/System/Library/Frameworks/Python.framework/Versions/2.7/include/python2.7  conftest.c  -L/System/Library/Frameworks/Python.framework/Versions/2.7/lib/python2.7/config -lpython2.7 -ldl -framework CoreFoundation >&5
configure:18322: $? = 0
configure:18330: result: yes
configure:18374: checking for libplist Cython bindings
configure:18381: result: no
configure:18383: WARNING: cannot find libplist Cython bindings. You should install your distribution specific libplist Cython bindings package.
configure:18417: checking for openssl >= 0.9.8
configure:18424: $PKG_CONFIG --exists --print-errors "$pkg_req_openssl"
configure:18427: $? = 0
configure:18441: $PKG_CONFIG --exists --print-errors "$pkg_req_openssl"
configure:18444: $? = 0
configure:18482: result: yes
configure:18513: checking for gnutls >= 2.2.0
configure:18520: $PKG_CONFIG --exists --print-errors "$pkg_req_gnutls"
configure:18523: $? = 0
configure:18537: $PKG_CONFIG --exists --print-errors "$pkg_req_gnutls"
configure:18540: $? = 0
configure:18598: result: yes
configure:18602: checking for gcry_control in -lgcrypt
configure:18627: gcc -o conftest -g -O2   conftest.c -lgcrypt   >&5
configure:18627: $? = 0
configure:18636: result: yes
configure:18647: checking for libtasn1 >= 1.1
configure:18654: $PKG_CONFIG --exists --print-errors "$pkg_req_libtasn1"
configure:18657: $? = 0
configure:18671: $PKG_CONFIG --exists --print-errors "$pkg_req_libtasn1"
configure:18674: $? = 0
configure:18732: result: yes
configure:18761: checking for supported compiler flags
configure:18778: gcc -c -g -O2 -Wall  conftest.c >&5
configure:18778: $? = 0
configure:18778: gcc -c -g -O2 -Wextra  conftest.c >&5
configure:18778: $? = 0
configure:18778: gcc -c -g -O2 -Wmissing-declarations  conftest.c >&5
configure:18778: $? = 0
configure:18778: gcc -c -g -O2 -Wredundant-decls  conftest.c >&5
configure:18778: $? = 0
configure:18778: gcc -c -g -O2 -Wshadow  conftest.c >&5
configure:18778: $? = 0
configure:18778: gcc -c -g -O2 -Wpointer-arith  conftest.c >&5
configure:18778: $? = 0
configure:18778: gcc -c -g -O2 -Wwrite-strings  conftest.c >&5
configure:18778: $? = 0
configure:18778: gcc -c -g -O2 -Wswitch-default  conftest.c >&5
configure:18778: $? = 0
configure:18778: gcc -c -g -O2 -Wno-unused-parameter  conftest.c >&5
configure:18778: $? = 0
configure:18778: gcc -c -g -O2 -fsigned-char  conftest.c >&5
configure:18778: $? = 0
configure:18778: gcc -c -g -O2 -fvisibility=hidden  conftest.c >&5
configure:18778: $? = 0
configure:18792: result:  -Wall -Wextra -Wmissing-declarations -Wredundant-decls -Wshadow -Wpointer-arith -Wwrite-strings -Wswitch-default -Wno-unused-parameter -fsigned-char -fvisibility=hidden
configure:18817: checking for special C compiler options needed for large files
configure:18862: result: no
configure:18868: checking for _FILE_OFFSET_BITS value needed for large files
configure:18893: gcc -c -g -O2  conftest.c >&5
configure:18893: $? = 0
configure:18925: result: no
configure:19015: checking for native large file support
configure:19031: gcc -o conftest -g -O2   conftest.c  >&5
conftest.c:43:8: warning: implicitly declaring library function 'exit' with type 'void (int) __attribute__((noreturn))' [-Wimplicit-function-declaration]
              exit(!(sizeof(off_t) == 8));
              ^
conftest.c:43:8: note: include the header <stdlib.h> or explicitly provide a declaration for 'exit'
1 warning generated.
configure:19031: $? = 0
configure:19031: ./conftest
configure:19031: $? = 0
configure:19034: result: yes
configure:19048: checking for _LARGEFILE_SOURCE value needed for large files
configure:19067: gcc -o conftest -g -O2   conftest.c  >&5
configure:19067: $? = 0
configure:19095: result: no
configure:19133: checking whether make supports nested variables
configure:19150: result: yes
configure:19273: checking that generated files are newer than configure
configure:19279: result: done
configure:19315: creating ./config.status

## ---------------------- ##
## Running config.status. ##
## ---------------------- ##

This file was extended by libimobiledevice config.status 1.2.1, which was
generated by GNU Autoconf 2.69.  Invocation command line was

  CONFIG_FILES    = 
  CONFIG_HEADERS  = 
  CONFIG_LINKS    = 
  CONFIG_COMMANDS = 
  $ ./config.status 

on bogon

config.status:1226: creating Makefile
config.status:1226: creating common/Makefile
config.status:1226: creating src/Makefile
config.status:1226: creating src/libimobiledevice-1.0.pc
config.status:1226: creating include/Makefile
config.status:1226: creating tools/Makefile
config.status:1226: creating cython/Makefile
config.status:1226: creating docs/Makefile
config.status:1226: creating doxygen.cfg
config.status:1226: creating config.h
config.status:1407: config.h is unchanged
config.status:1455: executing depfiles commands
config.status:1532: cd common       && sed -e '/# am--include-marker/d' Makefile         | make -f - am--depfiles
make: Nothing to be done for `am--depfiles'.
config.status:1537: $? = 0
config.status:1532: cd src       && sed -e '/# am--include-marker/d' Makefile         | make -f - am--depfiles
make: Nothing to be done for `am--depfiles'.
config.status:1537: $? = 0
config.status:1532: cd tools       && sed -e '/# am--include-marker/d' Makefile         | make -f - am--depfiles
make: Nothing to be done for `am--depfiles'.
config.status:1537: $? = 0
config.status:1532: cd cython       && sed -e '/# am--include-marker/d' Makefile         | make -f - am--depfiles
make: Nothing to be done for `am--depfiles'.
config.status:1537: $? = 0
config.status:1455: executing libtool commands

## ---------------- ##
## Cache variables. ##
## ---------------- ##

ac_cv_build=x86_64-apple-darwin17.3.0
ac_cv_c_bigendian=no
ac_cv_c_compiler_gnu=yes
ac_cv_c_const=yes
ac_cv_c_uint16_t=yes
ac_cv_c_uint32_t=yes
ac_cv_c_uint8_t=yes
ac_cv_cxx_compiler_gnu=yes
ac_cv_env_CCC_set=
ac_cv_env_CCC_value=
ac_cv_env_CC_set=
ac_cv_env_CC_value=
ac_cv_env_CFLAGS_set=
ac_cv_env_CFLAGS_value=
ac_cv_env_CPPFLAGS_set=
ac_cv_env_CPPFLAGS_value=
ac_cv_env_CPP_set=
ac_cv_env_CPP_value=
ac_cv_env_CXXCPP_set=
ac_cv_env_CXXCPP_value=
ac_cv_env_CXXFLAGS_set=
ac_cv_env_CXXFLAGS_value=
ac_cv_env_CXX_set=
ac_cv_env_CXX_value=
ac_cv_env_LDFLAGS_set=
ac_cv_env_LDFLAGS_value=
ac_cv_env_LIBS_set=
ac_cv_env_LIBS_value=
ac_cv_env_LT_SYS_LIBRARY_PATH_set=
ac_cv_env_LT_SYS_LIBRARY_PATH_value=
ac_cv_env_PKG_CONFIG_LIBDIR_set=
ac_cv_env_PKG_CONFIG_LIBDIR_value=
ac_cv_env_PKG_CONFIG_PATH_set=set
ac_cv_env_PKG_CONFIG_PATH_value=/usr/local/opt/openssl/lib/pkgconfig:
ac_cv_env_PKG_CONFIG_set=
ac_cv_env_PKG_CONFIG_value=
ac_cv_env_PYTHON_VERSION_set=
ac_cv_env_PYTHON_VERSION_value=
ac_cv_env_PYTHON_set=
ac_cv_env_PYTHON_value=
ac_cv_env_build_alias_set=
ac_cv_env_build_alias_value=
ac_cv_env_host_alias_set=
ac_cv_env_host_alias_value=
ac_cv_env_libgnutls_CFLAGS_set=
ac_cv_env_libgnutls_CFLAGS_value=
ac_cv_env_libgnutls_LIBS_set=
ac_cv_env_libgnutls_LIBS_value=
ac_cv_env_libplist_CFLAGS_set=
ac_cv_env_libplist_CFLAGS_value=
ac_cv_env_libplist_LIBS_set=
ac_cv_env_libplist_LIBS_value=
ac_cv_env_libplistmm_CFLAGS_set=
ac_cv_env_libplistmm_CFLAGS_value=
ac_cv_env_libplistmm_LIBS_set=
ac_cv_env_libplistmm_LIBS_value=
ac_cv_env_libtasn1_CFLAGS_set=
ac_cv_env_libtasn1_CFLAGS_value=
ac_cv_env_libtasn1_LIBS_set=
ac_cv_env_libtasn1_LIBS_value=
ac_cv_env_libusbmuxd_CFLAGS_set=
ac_cv_env_libusbmuxd_CFLAGS_value=
ac_cv_env_libusbmuxd_LIBS_set=
ac_cv_env_libusbmuxd_LIBS_value=
ac_cv_env_openssl_CFLAGS_set=
ac_cv_env_openssl_CFLAGS_value=
ac_cv_env_openssl_LIBS_set=
ac_cv_env_openssl_LIBS_value=
ac_cv_env_target_alias_set=
ac_cv_env_target_alias_value=
ac_cv_func_asprintf=yes
ac_cv_func_stpcpy=yes
ac_cv_func_strcasecmp=yes
ac_cv_func_strdup=yes
ac_cv_func_strerror=yes
ac_cv_func_strndup=yes
ac_cv_func_vasprintf=yes
ac_cv_have_endian_h=no
ac_cv_header_dlfcn_h=yes
ac_cv_header_endian_h=no
ac_cv_header_gcrypt_h=yes
ac_cv_header_inttypes_h=yes
ac_cv_header_memory_h=yes
ac_cv_header_stdc=yes
ac_cv_header_stdint_h=yes
ac_cv_header_stdlib_h=yes
ac_cv_header_string_h=yes
ac_cv_header_strings_h=yes
ac_cv_header_sys_stat_h=yes
ac_cv_header_sys_types_h=yes
ac_cv_header_unistd_h=yes
ac_cv_host=x86_64-apple-darwin17.3.0
ac_cv_lib_gcrypt_gcry_control=yes
ac_cv_objext=o
ac_cv_path_CYTHON=/usr/local/bin/cython
ac_cv_path_EGREP='/usr/bin/grep -E'
ac_cv_path_FGREP='/usr/bin/grep -F'
ac_cv_path_GREP=/usr/bin/grep
ac_cv_path_PYTHON=/usr/bin/python
ac_cv_path_SED=/usr/bin/sed
ac_cv_path_ac_pt_PKG_CONFIG=/usr/local/bin/pkg-config
ac_cv_path_install='/usr/bin/install -c'
ac_cv_path_lt_DD=/bin/dd
ac_cv_prog_AWK=awk
ac_cv_prog_CPP='gcc -E'
ac_cv_prog_CXXCPP='g++ -E'
ac_cv_prog_ac_ct_AR=ar
ac_cv_prog_ac_ct_CC=gcc
ac_cv_prog_ac_ct_CXX=g++
ac_cv_prog_ac_ct_DSYMUTIL=dsymutil
ac_cv_prog_ac_ct_LIPO=lipo
ac_cv_prog_ac_ct_NMEDIT=nmedit
ac_cv_prog_ac_ct_OBJDUMP=objdump
ac_cv_prog_ac_ct_OTOOL=otool
ac_cv_prog_ac_ct_RANLIB=ranlib
ac_cv_prog_ac_ct_STRIP=strip
ac_cv_prog_cc_c89=
ac_cv_prog_cc_g=yes
ac_cv_prog_cxx_g=yes
ac_cv_prog_make_make_set=yes
ac_cv_sys_file_offset_bits=64
ac_cv_sys_largefile_CC=no
ac_cv_sys_largefile_source=no
ac_cv_type_size_t=yes
ac_cv_type_ssize_t=yes
am_cv_CC_dependencies_compiler_type=gcc3
am_cv_CXX_dependencies_compiler_type=gcc3
am_cv_make_support_nested_variables=yes
am_cv_pathless_PYTHON=python
am_cv_prog_cc_c_o=yes
am_cv_python_platform=darwin
am_cv_python_pyexecdir='${exec_prefix}/lib/python2.7/site-packages'
am_cv_python_pythondir='${prefix}/lib/python2.7/site-packages'
am_cv_python_version=2.7
lt_cv_apple_cc_single_mod=yes
lt_cv_ar_at_file=no
lt_cv_deplibs_check_method=pass_all
lt_cv_file_magic_cmd='$MAGIC_CMD'
lt_cv_file_magic_test_file=
lt_cv_ld_exported_symbols_list=yes
lt_cv_ld_force_load=yes
lt_cv_ld_reload_flag=-r
lt_cv_nm_interface='BSD nm'
lt_cv_objdir=.libs
lt_cv_path_LD=/Applications/Xcode.app/Contents/Developer/Toolchains/XcodeDefault.xctoolchain/usr/bin/ld
lt_cv_path_LDCXX=/Applications/Xcode.app/Contents/Developer/Toolchains/XcodeDefault.xctoolchain/usr/bin/ld
lt_cv_path_NM='/usr/bin/nm -B'
lt_cv_path_mainfest_tool=no
lt_cv_prog_compiler_c_o=yes
lt_cv_prog_compiler_c_o_CXX=yes
lt_cv_prog_compiler_pic='-fno-common -DPIC'
lt_cv_prog_compiler_pic_CXX='-fno-common -DPIC'
lt_cv_prog_compiler_pic_works=yes
lt_cv_prog_compiler_pic_works_CXX=yes
lt_cv_prog_compiler_rtti_exceptions=yes
lt_cv_prog_compiler_static_works=no
lt_cv_prog_compiler_static_works_CXX=no
lt_cv_prog_gnu_ld=no
lt_cv_prog_gnu_ldcxx=no
lt_cv_sharedlib_from_linklib_cmd='printf %s\n'
lt_cv_sys_global_symbol_pipe='sed -n -e '\''s/^.*[	 ]\([BCDEGRST][BCDEGRST]*\)[	 ][	 ]*_\([_A-Za-z][_A-Za-z0-9]*\)$/\1 _\2 \2/p'\'' | sed '\''/ __gnu_lto/d'\'''
lt_cv_sys_global_symbol_to_c_name_address='sed -n -e '\''s/^: \(.*\) .*$/  {"\1", (void *) 0},/p'\'' -e '\''s/^[BCDEGRST][BCDEGRST]* .* \(.*\)$/  {"\1", (void *) \&\1},/p'\'''
lt_cv_sys_global_symbol_to_c_name_address_lib_prefix='sed -n -e '\''s/^: \(.*\) .*$/  {"\1", (void *) 0},/p'\'' -e '\''s/^[BCDEGRST][BCDEGRST]* .* \(lib.*\)$/  {"\1", (void *) \&\1},/p'\'' -e '\''s/^[BCDEGRST][BCDEGRST]* .* \(.*\)$/  {"lib\1", (void *) \&\1},/p'\'''
lt_cv_sys_global_symbol_to_cdecl='sed -n -e '\''s/^T .* \(.*\)$/extern int \1();/p'\'' -e '\''s/^[BCDEGRST][BCDEGRST]* .* \(.*\)$/extern char \1;/p'\'''
lt_cv_sys_global_symbol_to_import=
lt_cv_sys_max_cmd_len=196608
lt_cv_to_host_file_cmd=func_convert_file_noop
lt_cv_to_tool_file_cmd=func_convert_file_noop
lt_cv_truncate_bin='/bin/dd bs=4096 count=1'
pkg_cv_libgnutls_CFLAGS='-I/usr/local/Cellar/gnutls/3.5.18/include -I/usr/local/Cellar/nettle/3.4/include -I/usr/local/Cellar/libtasn1/4.13/include -I/usr/local/Cellar/p11-kit/0.23.10/include/p11-kit-1'
pkg_cv_libgnutls_LIBS='-L/usr/local/Cellar/gnutls/3.5.18/lib -lgnutls'
pkg_cv_libplist_CFLAGS=-I/usr/local/Cellar/libplist/2.0.0/include
pkg_cv_libplist_LIBS='-L/usr/local/Cellar/libplist/2.0.0/lib -lplist'
pkg_cv_libplistmm_CFLAGS=-I/usr/local/Cellar/libplist/2.0.0/include
pkg_cv_libplistmm_LIBS='-L/usr/local/Cellar/libplist/2.0.0/lib -lplist++ -lplist'
pkg_cv_libtasn1_CFLAGS=-I/usr/local/Cellar/libtasn1/4.13/include
pkg_cv_libtasn1_LIBS='-L/usr/local/Cellar/libtasn1/4.13/lib -ltasn1'
pkg_cv_libusbmuxd_CFLAGS=-I/usr/local/Cellar/usbmuxd/1.0.10_1/include
pkg_cv_libusbmuxd_LIBS='-L/usr/local/Cellar/usbmuxd/1.0.10_1/lib -lusbmuxd'
pkg_cv_openssl_CFLAGS=-I/usr/local/Cellar/openssl/1.0.2n/include
pkg_cv_openssl_LIBS='-L/usr/local/Cellar/openssl/1.0.2n/lib -lssl -lcrypto'

## ----------------- ##
## Output variables. ##
## ----------------- ##

ACLOCAL='${SHELL} /Users/xinxi/Documents/libimobiledevice/missing aclocal-1.16'
AMDEPBACKSLASH='\'
AMDEP_FALSE='#'
AMDEP_TRUE=''
AMTAR='$${TAR-tar}'
AM_BACKSLASH='\'
AM_DEFAULT_V='$(AM_DEFAULT_VERBOSITY)'
AM_DEFAULT_VERBOSITY='0'
AM_V='$(V)'
AR='ar'
AUTOCONF='${SHELL} /Users/xinxi/Documents/libimobiledevice/missing autoconf'
AUTOHEADER='${SHELL} /Users/xinxi/Documents/libimobiledevice/missing autoheader'
AUTOMAKE='${SHELL} /Users/xinxi/Documents/libimobiledevice/missing automake-1.16'
AWK='awk'
CC='gcc'
CCDEPMODE='depmode=gcc3'
CFLAGS='-g -O2'
CPP='gcc -E'
CPPFLAGS=''
CXX='g++'
CXXCPP='g++ -E'
CXXDEPMODE='depmode=gcc3'
CXXFLAGS='-g -O2'
CYGPATH_W='echo'
CYTHON='false'
CYTHON_LIB=''
CYTHON_PLIST_INCLUDE_DIR='/usr/local/Cellar/libplist/2.0.0/include/plist/cython'
CYTHON_PYTHON_CPPFLAGS='-I/System/Library/Frameworks/Python.framework/Versions/2.7/include/python2.7 -I/System/Library/Frameworks/Python.framework/Versions/2.7/include/python2.7'
CYTHON_PYTHON_OPT='-python'
CYTHON_SUB=''
DEFS='-DHAVE_CONFIG_H'
DEPDIR='.deps'
DLLTOOL='false'
DSYMUTIL='dsymutil'
DUMPBIN=''
ECHO_C='\c'
ECHO_N=''
ECHO_T=''
EGREP='/usr/bin/grep -E'
EXEEXT=''
FGREP='/usr/bin/grep -F'
GLOBAL_CFLAGS='  -Wall -Wextra -Wmissing-declarations -Wredundant-decls -Wshadow -Wpointer-arith -Wwrite-strings -Wswitch-default -Wno-unused-parameter -fsigned-char -fvisibility=hidden'
GREP='/usr/bin/grep'
HAVE_CYTHON_FALSE=''
HAVE_CYTHON_TRUE='#'
INSTALL_DATA='${INSTALL} -m 644'
INSTALL_PROGRAM='${INSTALL}'
INSTALL_SCRIPT='${INSTALL}'
INSTALL_STRIP_PROGRAM='$(install_sh) -c -s'
LD='/Applications/Xcode.app/Contents/Developer/Toolchains/XcodeDefault.xctoolchain/usr/bin/ld'
LDFLAGS=''
LFS_CFLAGS=' -D_LARGE_FILES=1'
LIBIMOBILEDEVICE_SO_VERSION='6:0:0'
LIBOBJS=''
LIBPLISTMM_VERSION='1.11'
LIBPLIST_VERSION='1.11'
LIBS=''
LIBTOOL='$(SHELL) $(top_builddir)/libtool'
LIBUSBMUXD_VERSION='1.0.9'
LIPO='lipo'
LN_S='ln -s'
LTLIBOBJS=''
LT_SYS_LIBRARY_PATH=''
MAKEINFO='${SHELL} /Users/xinxi/Documents/libimobiledevice/missing makeinfo'
MANIFEST_TOOL=':'
MKDIR_P='./install-sh -c -d'
NM='/usr/bin/nm -B'
NMEDIT='nmedit'
OBJDUMP='objdump'
OBJEXT='o'
OTOOL64=':'
OTOOL='otool'
PACKAGE='libimobiledevice'
PACKAGE_BUGREPORT='https://github.com/libimobiledevice/libimobiledevice/issues'
PACKAGE_NAME='libimobiledevice'
PACKAGE_STRING='libimobiledevice 1.2.1'
PACKAGE_TARNAME='libimobiledevice'
PACKAGE_URL='http://libimobiledevice.org'
PACKAGE_VERSION='1.2.1'
PATH_SEPARATOR=':'
PKG_CONFIG='/usr/local/bin/pkg-config'
PKG_CONFIG_LIBDIR=''
PKG_CONFIG_PATH='/usr/local/opt/openssl/lib/pkgconfig:'
PTHREAD_CC=''
PTHREAD_CFLAGS=''
PTHREAD_LIBS=''
PYTHON='/usr/bin/python'
PYTHON_CPPFLAGS='-I/System/Library/Frameworks/Python.framework/Versions/2.7/include/python2.7 -I/System/Library/Frameworks/Python.framework/Versions/2.7/include/python2.7'
PYTHON_EXEC_PREFIX='${exec_prefix}'
PYTHON_EXTRA_LDFLAGS='-u _PyMac_Error /System/Library/Frameworks/Python.framework/Versions/2.7/Python'
PYTHON_EXTRA_LIBS='('\'''\'', '\''-ldl  -framework CoreFoundation'\'')'
PYTHON_LDFLAGS='-L/System/Library/Frameworks/Python.framework/Versions/2.7/lib/python2.7/config -lpython2.7 -ldl -framework CoreFoundation'
PYTHON_PLATFORM='darwin'
PYTHON_PREFIX='${prefix}'
PYTHON_SITE_PKG='/Library/Python/2.7/site-packages'
PYTHON_VERSION='2.7'
RANLIB='ranlib'
SED='/usr/bin/sed'
SET_MAKE=''
SHELL='/bin/sh'
STRIP='strip'
VERSION='1.2.1'
WIN32_FALSE=''
WIN32_TRUE='#'
ac_ct_AR='ar'
ac_ct_CC='gcc'
ac_ct_CXX='g++'
ac_ct_DUMPBIN=''
am__EXEEXT_FALSE=''
am__EXEEXT_TRUE='#'
am__fastdepCC_FALSE='#'
am__fastdepCC_TRUE=''
am__fastdepCXX_FALSE='#'
am__fastdepCXX_TRUE=''
am__include='include'
am__isrc=''
am__leading_dot='.'
am__nodep='_no'
am__quote=''
am__tar='$${TAR-tar} chof - "$$tardir"'
am__untar='$${TAR-tar} xf -'
ax_pthread_config=''
bindir='${exec_prefix}/bin'
build='x86_64-apple-darwin17.3.0'
build_alias=''
build_cpu='x86_64'
build_os='darwin17.3.0'
build_vendor='apple'
datadir='${datarootdir}'
datarootdir='${prefix}/share'
docdir='${datarootdir}/doc/${PACKAGE_TARNAME}'
dvidir='${docdir}'
exec_prefix='${prefix}'
host='x86_64-apple-darwin17.3.0'
host_alias=''
host_cpu='x86_64'
host_os='darwin17.3.0'
host_vendor='apple'
htmldir='${docdir}'
includedir='${prefix}/include'
infodir='${datarootdir}/info'
install_sh='${SHELL} /Users/xinxi/Documents/libimobiledevice/install-sh'
libdir='${exec_prefix}/lib'
libexecdir='${exec_prefix}/libexec'
libgcrypt_LIBS='-lgcrypt'
libgnutls_CFLAGS='-I/usr/local/Cellar/gnutls/3.5.18/include -I/usr/local/Cellar/nettle/3.4/include -I/usr/local/Cellar/libtasn1/4.13/include -I/usr/local/Cellar/p11-kit/0.23.10/include/p11-kit-1'
libgnutls_LIBS='-L/usr/local/Cellar/gnutls/3.5.18/lib -lgnutls'
libplist_CFLAGS='-I/usr/local/Cellar/libplist/2.0.0/include'
libplist_LIBS='-L/usr/local/Cellar/libplist/2.0.0/lib -lplist'
libplistmm_CFLAGS='-I/usr/local/Cellar/libplist/2.0.0/include'
libplistmm_LIBS='-L/usr/local/Cellar/libplist/2.0.0/lib -lplist++ -lplist'
libtasn1_CFLAGS='-I/usr/local/Cellar/libtasn1/4.13/include'
libtasn1_LIBS='-L/usr/local/Cellar/libtasn1/4.13/lib -ltasn1'
libusbmuxd_CFLAGS='-I/usr/local/Cellar/usbmuxd/1.0.10_1/include'
libusbmuxd_LIBS='-L/usr/local/Cellar/usbmuxd/1.0.10_1/lib -lusbmuxd'
localedir='${datarootdir}/locale'
localstatedir='${prefix}/var'
mandir='${datarootdir}/man'
mkdir_p='$(MKDIR_P)'
oldincludedir='/usr/include'
openssl_CFLAGS='-I/usr/local/Cellar/openssl/1.0.2n/include'
openssl_LIBS='-L/usr/local/Cellar/openssl/1.0.2n/lib -lssl -lcrypto'
pdfdir='${docdir}'
pkgpyexecdir='${pyexecdir}/libimobiledevice'
pkgpythondir='${pythondir}/libimobiledevice'
prefix='/usr/local'
program_transform_name='s,x,x,'
psdir='${docdir}'
pyexecdir='${exec_prefix}/lib/python2.7/site-packages'
pythondir='${prefix}/lib/python2.7/site-packages'
sbindir='${exec_prefix}/sbin'
sharedstatedir='${prefix}/com'
ssl_requires='gnutls >= 2.2.0 libtasn1 >= 1.1'
sysconfdir='${prefix}/etc'
target_alias=''

## ----------- ##
## confdefs.h. ##
## ----------- ##

/* confdefs.h */
#define PACKAGE_NAME "libimobiledevice"
#define PACKAGE_TARNAME "libimobiledevice"
#define PACKAGE_VERSION "1.2.1"
#define PACKAGE_STRING "libimobiledevice 1.2.1"
#define PACKAGE_BUGREPORT "https://github.com/libimobiledevice/libimobiledevice/issues"
#define PACKAGE_URL "http://libimobiledevice.org"
#define PACKAGE "libimobiledevice"
#define VERSION "1.2.1"
#define STDC_HEADERS 1
#define HAVE_SYS_TYPES_H 1
#define HAVE_SYS_STAT_H 1
#define HAVE_STDLIB_H 1
#define HAVE_STRING_H 1
#define HAVE_MEMORY_H 1
#define HAVE_STRINGS_H 1
#define HAVE_INTTYPES_H 1
#define HAVE_STDINT_H 1
#define HAVE_UNISTD_H 1
#define HAVE_DLFCN_H 1
#define LT_OBJDIR ".libs/"
#define STDC_HEADERS 1
#define HAVE_STDINT_H 1
#define HAVE_STDLIB_H 1
#define HAVE_STRING_H 1
#define HAVE_GCRYPT_H 1
#define HAVE_ASPRINTF 1
#define HAVE_STRCASECMP 1
#define HAVE_STRDUP 1
#define HAVE_STRERROR 1
#define HAVE_STRNDUP 1
#define HAVE_STPCPY 1
#define HAVE_VASPRINTF 1
#define __LITTLE_ENDIAN 1234
#define __BIG_ENDIAN 4321
#define __BYTE_ORDER 1234
#define STRIP_DEBUG_CODE 1
#define HAVE_FVISIBILITY 1
#define _FILE_OFFSET_BITS 64
#define HAVE_FSEEKO 1

configure: exit 0
